<?xml version="1.0" encoding="UTF-8"?>
<!-- Generated by org.testng.reporters.JUnitXMLReporter -->
<testsuite ignored="5" hostname="Hariom" failures="0" tests="3" name="Default test" time="209.352" errors="0" timestamp="2024-07-13T17:57:52 IST">
  <testcase classname="com.testCase.TestCases" name="search1" time="2.019"/>
  <testcase classname="com.testCase.TestCases" name="testCase_1" time="82.348"/>
  <testcase classname="com.testCase.TestCases" name="testCase_2" time="111.276"/>
  <testcase classname="com.testCase.TestCases" name="testCase_4" time="0.0">
    <ignored/>
  </testcase> <!-- testCase_4 -->
  <testcase classname="com.testCase.TestCases" name="testCase_3" time="0.0">
    <ignored/>
  </testcase> <!-- testCase_3 -->
  <testcase classname="com.testCase.TestCases" name="testCase_6" time="0.0">
    <ignored/>
  </testcase> <!-- testCase_6 -->
  <testcase classname="com.testCase.TestCases" name="testCase_5" time="0.0">
    <ignored/>
  </testcase> <!-- testCase_5 -->
  <testcase classname="com.testCase.TestCases" name="testCase_7" time="0.0">
    <ignored/>
  </testcase> <!-- testCase_7 -->
</testsuite> <!-- Default test -->
